2022-06-06 04:11:38,563 django.utils.autoreload INFO     Watching for file changes with StatReloader
2022-06-06 04:11:39,106 asyncio      DEBUG    Using selector: EpollSelector
2022-06-06 04:11:40,101 asyncio      DEBUG    Using selector: EpollSelector
2022-06-06 04:11:41,099 asyncio      DEBUG    Using selector: EpollSelector
2022-06-06 04:11:42,101 asyncio      DEBUG    Using selector: EpollSelector
2022-06-06 04:11:43,102 asyncio      DEBUG    Using selector: EpollSelector
2022-06-06 04:11:44,096 asyncio      DEBUG    Using selector: EpollSelector
2022-06-06 04:11:45,111 asyncio      DEBUG    Using selector: EpollSelector
2022-06-06 04:11:46,096 asyncio      DEBUG    Using selector: EpollSelector
2022-06-06 04:11:47,101 asyncio      DEBUG    Using selector: EpollSelector
2022-06-06 04:11:48,103 asyncio      DEBUG    Using selector: EpollSelector
2022-06-06 04:11:49,102 asyncio      DEBUG    Using selector: EpollSelector
2022-06-06 04:11:50,101 asyncio      DEBUG    Using selector: EpollSelector
2022-06-06 04:11:51,100 asyncio      DEBUG    Using selector: EpollSelector
2022-06-06 04:11:52,101 asyncio      DEBUG    Using selector: EpollSelector
2022-06-06 04:11:53,102 asyncio      DEBUG    Using selector: EpollSelector
2022-06-06 04:11:54,101 asyncio      DEBUG    Using selector: EpollSelector
2022-06-06 04:11:55,102 asyncio      DEBUG    Using selector: EpollSelector
2022-06-06 04:11:56,100 asyncio      DEBUG    Using selector: EpollSelector
2022-06-06 04:11:57,101 asyncio      DEBUG    Using selector: EpollSelector
2022-06-06 04:11:58,100 asyncio      DEBUG    Using selector: EpollSelector
2022-06-06 04:11:59,102 asyncio      DEBUG    Using selector: EpollSelector
2022-06-06 04:12:00,102 asyncio      DEBUG    Using selector: EpollSelector
2022-06-06 04:12:01,100 asyncio      DEBUG    Using selector: EpollSelector
2022-06-06 04:12:02,101 asyncio      DEBUG    Using selector: EpollSelector
2022-06-06 04:12:03,101 asyncio      DEBUG    Using selector: EpollSelector
2022-06-06 04:12:04,098 asyncio      DEBUG    Using selector: EpollSelector
2022-06-06 04:12:05,095 asyncio      DEBUG    Using selector: EpollSelector
2022-06-06 04:12:06,099 asyncio      DEBUG    Using selector: EpollSelector
2022-06-06 04:12:07,100 asyncio      DEBUG    Using selector: EpollSelector
2022-06-06 04:12:08,100 asyncio      DEBUG    Using selector: EpollSelector
2022-06-06 04:12:09,104 asyncio      DEBUG    Using selector: EpollSelector
2022-06-06 04:12:10,101 asyncio      DEBUG    Using selector: EpollSelector
2022-06-06 04:12:11,103 asyncio      DEBUG    Using selector: EpollSelector
2022-06-06 04:12:12,099 asyncio      DEBUG    Using selector: EpollSelector
2022-06-06 04:12:13,097 asyncio      DEBUG    Using selector: EpollSelector
2022-06-06 04:12:14,100 asyncio      DEBUG    Using selector: EpollSelector
2022-06-06 04:17:21,025 django.utils.autoreload INFO     Watching for file changes with StatReloader
2022-06-06 04:17:24,781 asyncio      DEBUG    Using selector: EpollSelector
2022-06-06 04:17:24,820 asyncio      DEBUG    Using selector: EpollSelector
2022-06-06 04:17:27,777 asyncio      DEBUG    Using selector: EpollSelector
2022-06-06 04:17:27,788 chat.views   INFO     bbb is authenticated
2022-06-06 04:17:27,808 asyncio      DEBUG    Using selector: EpollSelector
2022-06-06 04:17:35,243 asyncio      DEBUG    Using selector: EpollSelector
2022-06-06 04:17:35,435 chat.views   INFO     bbb is authenticated
2022-06-06 04:17:35,455 asyncio      DEBUG    Using selector: EpollSelector
2022-06-06 04:17:38,641 asyncio      DEBUG    Using selector: EpollSelector
2022-06-06 04:17:38,684 chat.views   INFO     bbb account is deleted
2022-06-06 04:17:38,704 asyncio      DEBUG    Using selector: EpollSelector
2022-06-06 04:18:13,982 asyncio      DEBUG    Using selector: EpollSelector
2022-06-06 04:18:14,004 asyncio      DEBUG    Using selector: EpollSelector
2022-06-06 04:18:14,033 django.request WARNING  Not Found: /accounts/login/
2022-06-06 04:18:14,049 django.request WARNING  Not Found: /accounts/login/
2022-06-06 04:18:14,999 asyncio      DEBUG    Using selector: EpollSelector
2022-06-06 04:18:15,041 django.request WARNING  Not Found: /accounts/login/
2022-06-06 04:18:15,784 asyncio      DEBUG    Using selector: EpollSelector
2022-06-06 04:18:15,813 django.request WARNING  Not Found: /accounts/login/
2022-06-06 04:18:20,546 asyncio      DEBUG    Using selector: EpollSelector
2022-06-06 04:18:29,645 asyncio      DEBUG    Using selector: EpollSelector
2022-06-06 04:18:29,853 chat.views   INFO     admin is authenticated
2022-06-06 04:18:29,873 asyncio      DEBUG    Using selector: EpollSelector
2022-06-06 04:18:54,856 asyncio      DEBUG    Using selector: EpollSelector
2022-06-06 04:18:56,282 asyncio      DEBUG    Using selector: EpollSelector
2022-06-06 04:18:57,287 asyncio      DEBUG    Using selector: EpollSelector
2022-06-06 04:18:58,287 asyncio      DEBUG    Using selector: EpollSelector
2022-06-06 04:18:59,284 asyncio      DEBUG    Using selector: EpollSelector
2022-06-06 04:19:00,288 asyncio      DEBUG    Using selector: EpollSelector
2022-06-06 04:19:01,287 asyncio      DEBUG    Using selector: EpollSelector
2022-06-06 04:19:02,289 asyncio      DEBUG    Using selector: EpollSelector
2022-06-06 04:19:03,288 asyncio      DEBUG    Using selector: EpollSelector
2022-06-06 04:19:04,287 asyncio      DEBUG    Using selector: EpollSelector
2022-06-06 04:19:05,291 asyncio      DEBUG    Using selector: EpollSelector
2022-06-06 04:19:06,286 asyncio      DEBUG    Using selector: EpollSelector
2022-06-06 04:19:07,288 asyncio      DEBUG    Using selector: EpollSelector
2022-06-06 04:19:08,287 asyncio      DEBUG    Using selector: EpollSelector
2022-06-06 04:19:09,287 asyncio      DEBUG    Using selector: EpollSelector
2022-06-06 04:19:10,284 asyncio      DEBUG    Using selector: EpollSelector
2022-06-06 04:19:11,287 asyncio      DEBUG    Using selector: EpollSelector
2022-06-06 04:19:12,287 asyncio      DEBUG    Using selector: EpollSelector
2022-06-06 04:19:13,285 asyncio      DEBUG    Using selector: EpollSelector
2022-06-06 04:19:14,286 asyncio      DEBUG    Using selector: EpollSelector
2022-06-06 04:19:15,287 asyncio      DEBUG    Using selector: EpollSelector
2022-06-06 04:19:16,287 asyncio      DEBUG    Using selector: EpollSelector
2022-06-06 04:19:17,287 asyncio      DEBUG    Using selector: EpollSelector
2022-06-06 04:19:18,287 asyncio      DEBUG    Using selector: EpollSelector
2022-06-06 04:19:19,287 asyncio      DEBUG    Using selector: EpollSelector
2022-06-06 04:19:20,287 asyncio      DEBUG    Using selector: EpollSelector
2022-06-06 04:19:21,288 asyncio      DEBUG    Using selector: EpollSelector
2022-06-06 04:19:22,287 asyncio      DEBUG    Using selector: EpollSelector
2022-06-06 04:19:23,287 asyncio      DEBUG    Using selector: EpollSelector
2022-06-06 04:19:24,287 asyncio      DEBUG    Using selector: EpollSelector
2022-06-06 04:19:25,288 asyncio      DEBUG    Using selector: EpollSelector
2022-06-06 04:19:26,287 asyncio      DEBUG    Using selector: EpollSelector
2022-06-06 04:19:27,287 asyncio      DEBUG    Using selector: EpollSelector
2022-06-06 04:19:28,288 asyncio      DEBUG    Using selector: EpollSelector
2022-06-06 04:19:29,287 asyncio      DEBUG    Using selector: EpollSelector
2022-06-06 04:19:30,280 asyncio      DEBUG    Using selector: EpollSelector
2022-06-06 04:19:31,287 asyncio      DEBUG    Using selector: EpollSelector
2022-06-06 04:19:32,001 asyncio      DEBUG    Using selector: EpollSelector
2022-06-06 04:19:32,005 chat.views   INFO     admin is authenticated
2022-06-06 04:19:32,023 asyncio      DEBUG    Using selector: EpollSelector
2022-06-06 04:20:28,740 django.utils.autoreload INFO     /home/askelio/Desktop/ISP/chat/views.py changed, reloading.
2022-06-06 04:20:29,283 django.utils.autoreload INFO     Watching for file changes with StatReloader
2022-06-06 04:20:31,643 django.utils.autoreload INFO     /home/askelio/Desktop/ISP/chat/views.py changed, reloading.
2022-06-06 04:20:32,178 django.utils.autoreload INFO     Watching for file changes with StatReloader
2022-06-06 10:36:29,726 django.utils.autoreload INFO     Watching for file changes with StatReloader
2022-06-06 10:36:32,671 asyncio      DEBUG    Using selector: EpollSelector
2022-06-06 10:36:33,061 django.request WARNING  Not Found: /favicon.ico
2022-06-06 10:36:34,273 asyncio      DEBUG    Using selector: EpollSelector
2022-06-06 10:36:34,448 chat.views   INFO     admin is authenticated
2022-06-06 10:36:34,468 asyncio      DEBUG    Using selector: EpollSelector
2022-06-06 10:36:36,409 asyncio      DEBUG    Using selector: EpollSelector
2022-06-06 10:36:37,627 asyncio      DEBUG    Using selector: EpollSelector
2022-06-06 10:36:38,622 asyncio      DEBUG    Using selector: EpollSelector
2022-06-06 10:36:39,622 asyncio      DEBUG    Using selector: EpollSelector
2022-06-06 10:36:40,621 asyncio      DEBUG    Using selector: EpollSelector
2022-06-06 10:36:41,622 asyncio      DEBUG    Using selector: EpollSelector
2022-06-06 10:36:42,620 asyncio      DEBUG    Using selector: EpollSelector
2022-06-06 10:36:43,620 asyncio      DEBUG    Using selector: EpollSelector
2022-06-06 10:36:44,619 asyncio      DEBUG    Using selector: EpollSelector
2022-06-06 10:36:45,621 asyncio      DEBUG    Using selector: EpollSelector
2022-06-06 10:36:46,621 asyncio      DEBUG    Using selector: EpollSelector
2022-06-06 10:36:47,616 asyncio      DEBUG    Using selector: EpollSelector
2022-06-06 10:52:42,188 django.utils.autoreload INFO     Watching for file changes with StatReloader
2022-06-06 10:52:44,731 asyncio      DEBUG    Using selector: EpollSelector
2022-06-06 10:52:44,753 asyncio      DEBUG    Using selector: EpollSelector
2022-06-06 10:52:47,607 asyncio      DEBUG    Using selector: EpollSelector
2022-06-06 10:52:47,616 chat.views   INFO     admin is exit
2022-06-06 10:52:47,640 asyncio      DEBUG    Using selector: EpollSelector
2022-06-06 10:52:49,161 asyncio      DEBUG    Using selector: EpollSelector
2022-06-06 10:52:49,332 chat.views   INFO     admin is authenticated
2022-06-06 10:52:49,352 asyncio      DEBUG    Using selector: EpollSelector
2022-06-06 10:52:51,613 asyncio      DEBUG    Using selector: EpollSelector
2022-06-06 10:52:52,748 asyncio      DEBUG    Using selector: EpollSelector
2022-06-06 10:52:53,746 asyncio      DEBUG    Using selector: EpollSelector
2022-06-06 10:52:54,746 asyncio      DEBUG    Using selector: EpollSelector
2022-06-06 10:52:55,746 asyncio      DEBUG    Using selector: EpollSelector
2022-06-06 10:52:56,746 asyncio      DEBUG    Using selector: EpollSelector
2022-06-06 10:52:57,730 asyncio      DEBUG    Using selector: EpollSelector
2022-06-06 10:52:57,752 asyncio      DEBUG    Using selector: EpollSelector
2022-06-06 10:53:00,827 asyncio      DEBUG    Using selector: EpollSelector
2022-06-06 10:53:16,492 asyncio      DEBUG    Using selector: EpollSelector
2022-06-06 12:14:54,834 django.utils.autoreload INFO     Watching for file changes with StatReloader
2022-06-06 12:18:47,120 django.utils.autoreload INFO     Watching for file changes with StatReloader
2022-06-06 12:34:06,416 django.utils.autoreload INFO     Watching for file changes with StatReloader
2022-06-06 12:34:08,413 asyncio      DEBUG    Using selector: EpollSelector
2022-06-06 12:34:08,428 asyncio      DEBUG    Using selector: EpollSelector
2022-06-06 12:34:10,495 django.request WARNING  Not Found: /logout/
2022-06-06 12:34:12,794 asyncio      DEBUG    Using selector: EpollSelector
2022-06-06 12:34:43,150 django.utils.autoreload INFO     /home/askelio/Desktop/ISP/chat/urls.py changed, reloading.
2022-06-06 12:34:43,483 django.utils.autoreload INFO     Watching for file changes with StatReloader
2022-06-06 12:34:44,177 asyncio      DEBUG    Using selector: EpollSelector
2022-06-06 12:34:44,181 chat.views   INFO     admin is exit
2022-06-06 12:34:44,200 asyncio      DEBUG    Using selector: EpollSelector
2022-06-06 12:34:44,235 django.request ERROR    Internal Server Error: /
Traceback (most recent call last):
  File "/home/askelio/Desktop/ISP/venv/lib/python3.8/site-packages/django/core/handlers/exception.py", line 55, in inner
    response = get_response(request)
  File "/home/askelio/Desktop/ISP/venv/lib/python3.8/site-packages/django/core/handlers/base.py", line 197, in _get_response
    response = wrapped_callback(request, *callback_args, **callback_kwargs)
  File "/home/askelio/Desktop/ISP/venv/lib/python3.8/site-packages/asgiref/sync.py", line 218, in __call__
    return call_result.result()
  File "/usr/lib/python3.8/concurrent/futures/_base.py", line 437, in result
    return self.__get_result()
  File "/usr/lib/python3.8/concurrent/futures/_base.py", line 389, in __get_result
    raise self._exception
  File "/home/askelio/Desktop/ISP/venv/lib/python3.8/site-packages/asgiref/sync.py", line 284, in main_wrap
    result = await self.awaitable(*args, **kwargs)
  File "/home/askelio/Desktop/ISP/venv/lib/python3.8/site-packages/asgiref/sync.py", line 435, in __call__
    ret = await asyncio.wait_for(future, timeout=None)
  File "/usr/lib/python3.8/asyncio/tasks.py", line 455, in wait_for
    return await fut
  File "/home/askelio/Desktop/ISP/venv/lib/python3.8/site-packages/asgiref/current_thread_executor.py", line 22, in run
    result = self.fn(*self.args, **self.kwargs)
  File "/home/askelio/Desktop/ISP/venv/lib/python3.8/site-packages/asgiref/sync.py", line 476, in thread_handler
    return func(*args, **kwargs)
  File "/home/askelio/Desktop/ISP/accounts/views.py", line 63, in login_view
    return render(request, 'accounts/login.html', context)
  File "/home/askelio/Desktop/ISP/venv/lib/python3.8/site-packages/django/shortcuts.py", line 24, in render
    content = loader.render_to_string(template_name, context, request, using=using)
  File "/home/askelio/Desktop/ISP/venv/lib/python3.8/site-packages/django/template/loader.py", line 61, in render_to_string
    template = get_template(template_name, using=using)
  File "/home/askelio/Desktop/ISP/venv/lib/python3.8/site-packages/django/template/loader.py", line 19, in get_template
    raise TemplateDoesNotExist(template_name, chain=chain)
django.template.exceptions.TemplateDoesNotExist: accounts/login.html
2022-06-06 12:34:46,383 asyncio      DEBUG    Using selector: EpollSelector
2022-06-06 12:34:46,419 django.request ERROR    Internal Server Error: /
Traceback (most recent call last):
  File "/home/askelio/Desktop/ISP/venv/lib/python3.8/site-packages/django/core/handlers/exception.py", line 55, in inner
    response = get_response(request)
  File "/home/askelio/Desktop/ISP/venv/lib/python3.8/site-packages/django/core/handlers/base.py", line 197, in _get_response
    response = wrapped_callback(request, *callback_args, **callback_kwargs)
  File "/home/askelio/Desktop/ISP/venv/lib/python3.8/site-packages/asgiref/sync.py", line 218, in __call__
    return call_result.result()
  File "/usr/lib/python3.8/concurrent/futures/_base.py", line 437, in result
    return self.__get_result()
  File "/usr/lib/python3.8/concurrent/futures/_base.py", line 389, in __get_result
    raise self._exception
  File "/home/askelio/Desktop/ISP/venv/lib/python3.8/site-packages/asgiref/sync.py", line 284, in main_wrap
    result = await self.awaitable(*args, **kwargs)
  File "/home/askelio/Desktop/ISP/venv/lib/python3.8/site-packages/asgiref/sync.py", line 435, in __call__
    ret = await asyncio.wait_for(future, timeout=None)
  File "/usr/lib/python3.8/asyncio/tasks.py", line 455, in wait_for
    return await fut
  File "/home/askelio/Desktop/ISP/venv/lib/python3.8/site-packages/asgiref/current_thread_executor.py", line 22, in run
    result = self.fn(*self.args, **self.kwargs)
  File "/home/askelio/Desktop/ISP/venv/lib/python3.8/site-packages/asgiref/sync.py", line 476, in thread_handler
    return func(*args, **kwargs)
  File "/home/askelio/Desktop/ISP/accounts/views.py", line 63, in login_view
    return render(request, 'accounts/login.html', context)
  File "/home/askelio/Desktop/ISP/venv/lib/python3.8/site-packages/django/shortcuts.py", line 24, in render
    content = loader.render_to_string(template_name, context, request, using=using)
  File "/home/askelio/Desktop/ISP/venv/lib/python3.8/site-packages/django/template/loader.py", line 61, in render_to_string
    template = get_template(template_name, using=using)
  File "/home/askelio/Desktop/ISP/venv/lib/python3.8/site-packages/django/template/loader.py", line 19, in get_template
    raise TemplateDoesNotExist(template_name, chain=chain)
django.template.exceptions.TemplateDoesNotExist: accounts/login.html
2022-06-06 12:35:12,794 asyncio      DEBUG    Using selector: EpollSelector
2022-06-06 12:35:12,813 django.request WARNING  Not Found: /accounts/login/
2022-06-06 12:36:12,794 asyncio      DEBUG    Using selector: EpollSelector
2022-06-06 12:36:12,809 django.request WARNING  Not Found: /accounts/login/
2022-06-06 12:36:31,360 django.utils.autoreload INFO     Watching for file changes with StatReloader
2022-06-06 12:36:32,956 asyncio      DEBUG    Using selector: EpollSelector
2022-06-06 12:36:36,392 asyncio      DEBUG    Using selector: EpollSelector
2022-06-06 12:36:36,501 accounts.views INFO     admin is authenticated
2022-06-06 12:36:36,515 asyncio      DEBUG    Using selector: EpollSelector
2022-06-06 12:36:38,764 asyncio      DEBUG    Using selector: EpollSelector
2022-06-06 12:36:38,770 chat.views   INFO     admin is exit
2022-06-06 12:36:38,787 asyncio      DEBUG    Using selector: EpollSelector
2022-06-06 12:36:43,513 asyncio      DEBUG    Using selector: EpollSelector
2022-06-06 12:36:57,658 asyncio      DEBUG    Using selector: EpollSelector
2022-06-06 12:36:57,757 accounts.views INFO     Account was created for ccc
2022-06-06 12:36:57,765 asyncio      DEBUG    Using selector: EpollSelector
2022-06-06 12:37:03,850 asyncio      DEBUG    Using selector: EpollSelector
2022-06-06 12:37:03,958 accounts.views INFO     ccc is authenticated
2022-06-06 12:37:03,972 asyncio      DEBUG    Using selector: EpollSelector
2022-06-06 12:37:06,281 asyncio      DEBUG    Using selector: EpollSelector
2022-06-06 12:37:06,286 chat.views   INFO     ccc is exit
2022-06-06 12:37:06,299 asyncio      DEBUG    Using selector: EpollSelector
2022-06-06 12:37:12,794 asyncio      DEBUG    Using selector: EpollSelector
2022-06-06 12:37:12,809 django.request WARNING  Not Found: /accounts/login/
2022-06-06 12:37:23,384 django.utils.autoreload INFO     /home/askelio/Desktop/ISP/chat/urls.py changed, reloading.
2022-06-06 12:37:23,718 django.utils.autoreload INFO     Watching for file changes with StatReloader
2022-06-06 12:37:25,254 asyncio      DEBUG    Using selector: EpollSelector
2022-06-06 12:37:30,540 asyncio      DEBUG    Using selector: EpollSelector
2022-06-06 12:37:30,644 accounts.views INFO     ccc is authenticated
2022-06-06 12:37:30,656 asyncio      DEBUG    Using selector: EpollSelector
2022-06-06 12:37:33,643 asyncio      DEBUG    Using selector: EpollSelector
2022-06-06 12:37:33,649 chat.views   INFO     ccc is exit
2022-06-06 12:37:33,665 asyncio      DEBUG    Using selector: EpollSelector
2022-06-06 12:37:50,337 django.utils.autoreload INFO     /home/askelio/Desktop/ISP/chat/views.py changed, reloading.
2022-06-06 12:37:50,691 django.utils.autoreload INFO     Watching for file changes with StatReloader
2022-06-06 12:37:54,273 asyncio      DEBUG    Using selector: EpollSelector
2022-06-06 12:37:59,391 asyncio      DEBUG    Using selector: EpollSelector
2022-06-06 12:37:59,498 accounts.views INFO     ccc is authenticated
2022-06-06 12:37:59,511 asyncio      DEBUG    Using selector: EpollSelector
2022-06-06 12:38:01,500 asyncio      DEBUG    Using selector: EpollSelector
2022-06-06 12:38:02,591 asyncio      DEBUG    Using selector: EpollSelector
2022-06-06 12:38:02,984 asyncio      DEBUG    Using selector: EpollSelector
2022-06-06 12:38:04,021 asyncio      DEBUG    Using selector: EpollSelector
2022-06-06 12:38:05,106 asyncio      DEBUG    Using selector: EpollSelector
2022-06-06 12:38:06,103 asyncio      DEBUG    Using selector: EpollSelector
2022-06-06 12:38:07,105 asyncio      DEBUG    Using selector: EpollSelector
2022-06-06 12:38:07,842 asyncio      DEBUG    Using selector: EpollSelector
2022-06-06 12:38:08,104 asyncio      DEBUG    Using selector: EpollSelector
2022-06-06 12:38:09,104 asyncio      DEBUG    Using selector: EpollSelector
2022-06-06 12:38:09,612 asyncio      DEBUG    Using selector: EpollSelector
2022-06-06 12:38:09,616 chat.views   INFO     ccc is exit
2022-06-06 12:38:09,632 asyncio      DEBUG    Using selector: EpollSelector
2022-06-06 12:38:12,796 asyncio      DEBUG    Using selector: EpollSelector
2022-06-06 12:38:12,817 django.request WARNING  Not Found: /accounts/login/
2022-06-06 12:38:14,583 asyncio      DEBUG    Using selector: EpollSelector
2022-06-06 12:38:14,693 accounts.views INFO     aaa is authenticated
2022-06-06 12:38:14,706 asyncio      DEBUG    Using selector: EpollSelector
2022-06-06 12:38:16,416 asyncio      DEBUG    Using selector: EpollSelector
2022-06-06 12:38:17,518 asyncio      DEBUG    Using selector: EpollSelector
2022-06-06 12:38:18,513 asyncio      DEBUG    Using selector: EpollSelector
2022-06-06 12:38:19,515 asyncio      DEBUG    Using selector: EpollSelector
2022-06-06 12:38:20,485 asyncio      DEBUG    Using selector: EpollSelector
2022-06-06 12:38:21,610 asyncio      DEBUG    Using selector: EpollSelector
2022-06-06 12:38:22,609 asyncio      DEBUG    Using selector: EpollSelector
2022-06-06 12:38:23,652 asyncio      DEBUG    Using selector: EpollSelector
2022-06-06 12:38:24,609 asyncio      DEBUG    Using selector: EpollSelector
2022-06-06 12:38:25,609 asyncio      DEBUG    Using selector: EpollSelector
2022-06-06 12:38:26,608 asyncio      DEBUG    Using selector: EpollSelector
2022-06-06 12:38:27,609 asyncio      DEBUG    Using selector: EpollSelector
2022-06-06 12:38:28,608 asyncio      DEBUG    Using selector: EpollSelector
2022-06-06 12:38:29,610 asyncio      DEBUG    Using selector: EpollSelector
2022-06-06 12:38:30,609 asyncio      DEBUG    Using selector: EpollSelector
2022-06-06 12:38:31,609 asyncio      DEBUG    Using selector: EpollSelector
2022-06-06 12:38:32,610 asyncio      DEBUG    Using selector: EpollSelector
2022-06-06 12:38:33,608 asyncio      DEBUG    Using selector: EpollSelector
2022-06-06 12:38:34,609 asyncio      DEBUG    Using selector: EpollSelector
2022-06-06 12:38:35,608 asyncio      DEBUG    Using selector: EpollSelector
2022-06-06 12:38:36,608 asyncio      DEBUG    Using selector: EpollSelector
2022-06-06 12:38:37,609 asyncio      DEBUG    Using selector: EpollSelector
2022-06-06 12:38:38,609 asyncio      DEBUG    Using selector: EpollSelector
2022-06-06 12:38:39,609 asyncio      DEBUG    Using selector: EpollSelector
2022-06-06 12:38:40,610 asyncio      DEBUG    Using selector: EpollSelector
2022-06-06 12:38:41,609 asyncio      DEBUG    Using selector: EpollSelector
2022-06-06 12:38:42,609 asyncio      DEBUG    Using selector: EpollSelector
2022-06-06 12:38:43,636 asyncio      DEBUG    Using selector: EpollSelector
2022-06-06 12:38:44,606 asyncio      DEBUG    Using selector: EpollSelector
2022-06-06 12:38:45,609 asyncio      DEBUG    Using selector: EpollSelector
2022-06-06 12:38:46,607 asyncio      DEBUG    Using selector: EpollSelector
2022-06-06 12:38:47,609 asyncio      DEBUG    Using selector: EpollSelector
